
3월 02, 2020 09:42:11.34 NEW SESSION
3월 02, 2020 09:42:11.34 
3월 02, 2020 09:42:11.35 KLIB_SelfTest return : KLR_OK
3월 02, 2020 09:43:39.16 
3월 02, 2020 09:43:39.16 KLIB_SelfTest return : KLR_OK

3월 02, 2020 10:21:25.26 NEW SESSION
3월 02, 2020 10:21:25.26 
3월 02, 2020 10:21:25.26 KLIB_SelfTest return : KLR_OK
3월 02, 2020 10:35:26.11 
3월 02, 2020 10:35:26.12 KLIB_SelfTest return : KLR_OK
3월 02, 2020 10:36:30.41 
3월 02, 2020 10:36:30.41 KLIB_SelfTest return : KLR_OK
3월 02, 2020 10:50:49.33 
3월 02, 2020 10:50:49.33 KLIB_SelfTest return : KLR_OK
3월 02, 2020 11:27:36.14 
3월 02, 2020 11:27:36.15 KLIB_SelfTest return : KLR_OK
3월 02, 2020 11:30:46.71 
3월 02, 2020 11:30:46.71 KLIB_SelfTest return : KLR_OK
3월 02, 2020 11:35:42.88 
3월 02, 2020 11:35:42.88 KLIB_SelfTest return : KLR_OK
3월 02, 2020 12:08:08.08 
3월 02, 2020 12:08:08.09 KLIB_SelfTest return : KLR_OK
3월 02, 2020 13:11:30.58 
3월 02, 2020 13:11:30.58 KLIB_SelfTest return : KLR_OK
3월 02, 2020 13:16:04.19 
3월 02, 2020 13:16:04.20 KLIB_SelfTest return : KLR_OK

3월 04, 2020 10:20:43.98 NEW SESSION
3월 04, 2020 10:20:43.98 
3월 04, 2020 10:20:43.98 KLIB_SelfTest return : KLR_OK

3월 05, 2020 09:44:11.19 NEW SESSION
3월 05, 2020 09:44:11.19 
3월 05, 2020 09:44:11.19 KLIB_SelfTest return : KLR_OK
3월 05, 2020 10:08:04.12 
3월 05, 2020 10:08:04.12 KLIB_SelfTest return : KLR_OK
3월 05, 2020 10:08:36.28 
3월 05, 2020 10:08:36.29 KLIB_SelfTest return : KLR_OK
3월 05, 2020 10:09:42.37 
3월 05, 2020 10:09:42.37 KLIB_SelfTest return : KLR_OK
3월 05, 2020 10:21:57.20 
3월 05, 2020 10:21:57.20 KLIB_SelfTest return : KLR_OK
3월 05, 2020 10:41:01.60 
3월 05, 2020 10:41:01.60 KLIB_SelfTest return : KLR_OK
3월 05, 2020 10:43:06.34 
3월 05, 2020 10:43:06.34 KLIB_SelfTest return : KLR_OK
3월 05, 2020 10:43:31.20 
3월 05, 2020 10:43:31.21 KLIB_SelfTest return : KLR_OK
3월 05, 2020 10:44:18.44 
3월 05, 2020 10:44:18.45 KLIB_SelfTest return : KLR_OK
3월 05, 2020 10:46:59.20 
3월 05, 2020 10:46:59.22 KLIB_SelfTest return : KLR_OK
3월 05, 2020 10:48:27.42 
3월 05, 2020 10:48:27.43 KLIB_SelfTest return : KLR_OK
3월 05, 2020 10:48:48.65 
3월 05, 2020 10:48:48.66 KLIB_SelfTest return : KLR_OK
3월 05, 2020 10:49:13.39 
3월 05, 2020 10:49:13.40 KLIB_SelfTest return : KLR_OK
3월 05, 2020 10:49:51.92 
3월 05, 2020 10:49:51.93 KLIB_SelfTest return : KLR_OK
3월 05, 2020 10:51:44.00 
3월 05, 2020 10:51:44.00 KLIB_SelfTest return : KLR_OK
3월 05, 2020 10:51:58.89 
3월 05, 2020 10:51:58.90 KLIB_SelfTest return : KLR_OK
3월 05, 2020 10:52:44.03 
3월 05, 2020 10:52:44.03 KLIB_SelfTest return : KLR_OK
3월 05, 2020 10:53:11.48 
3월 05, 2020 10:53:11.49 KLIB_SelfTest return : KLR_OK
3월 05, 2020 10:57:24.33 
3월 05, 2020 10:57:24.34 KLIB_SelfTest return : KLR_OK
3월 05, 2020 10:57:38.00 
3월 05, 2020 10:57:38.01 KLIB_SelfTest return : KLR_OK
3월 05, 2020 11:24:59.89 
3월 05, 2020 11:24:59.89 KLIB_SelfTest return : KLR_OK
3월 05, 2020 11:28:35.47 
3월 05, 2020 11:28:35.47 KLIB_SelfTest return : KLR_OK
3월 05, 2020 11:28:57.17 
3월 05, 2020 11:28:57.18 KLIB_SelfTest return : KLR_OK
3월 05, 2020 11:50:44.74 
3월 05, 2020 11:50:44.74 KLIB_SelfTest return : KLR_OK
3월 05, 2020 12:20:40.62 
3월 05, 2020 12:20:40.64 KLIB_SelfTest return : KLR_OK
3월 05, 2020 12:21:30.57 
3월 05, 2020 12:21:30.57 KLIB_SelfTest return : KLR_OK
3월 05, 2020 12:21:52.78 
3월 05, 2020 12:21:52.78 KLIB_SelfTest return : KLR_OK
3월 05, 2020 12:24:23.27 
3월 05, 2020 12:24:23.27 KLIB_SelfTest return : KLR_OK

3월 06, 2020 10:51:48.21 NEW SESSION
3월 06, 2020 10:51:48.21 
3월 06, 2020 10:51:48.22 KLIB_SelfTest return : KLR_OK
3월 06, 2020 10:52:47.12 
3월 06, 2020 10:52:47.13 KLIB_SelfTest return : KLR_OK
3월 06, 2020 10:54:09.91 
3월 06, 2020 10:54:09.91 KLIB_SelfTest return : KLR_OK
3월 06, 2020 11:10:22.34 
3월 06, 2020 11:10:22.34 KLIB_SelfTest return : KLR_OK
3월 06, 2020 11:11:10.50 
3월 06, 2020 11:11:10.51 KLIB_SelfTest return : KLR_OK
3월 06, 2020 11:31:22.95 
3월 06, 2020 11:31:22.96 KLIB_SelfTest return : KLR_OK
3월 06, 2020 11:43:46.84 
3월 06, 2020 11:43:46.84 KLIB_SelfTest return : KLR_OK
3월 06, 2020 12:01:31.82 
3월 06, 2020 12:01:31.82 KLIB_SelfTest return : KLR_OK
3월 06, 2020 12:03:59.55 
3월 06, 2020 12:03:59.56 KLIB_SelfTest return : KLR_OK
3월 06, 2020 12:05:58.52 
3월 06, 2020 12:05:58.52 KLIB_SelfTest return : KLR_OK
3월 06, 2020 12:06:43.36 
3월 06, 2020 12:06:43.37 KLIB_SelfTest return : KLR_OK
3월 06, 2020 14:42:41.62 
3월 06, 2020 14:42:41.62 KLIB_SelfTest return : KLR_OK
3월 06, 2020 14:54:34.63 
3월 06, 2020 14:54:34.64 KLIB_SelfTest return : KLR_OK
3월 06, 2020 14:58:05.93 
3월 06, 2020 14:58:05.93 KLIB_SelfTest return : KLR_OK
3월 06, 2020 14:59:08.12 
3월 06, 2020 14:59:08.13 KLIB_SelfTest return : KLR_OK
3월 06, 2020 15:05:38.54 
3월 06, 2020 15:05:38.55 KLIB_SelfTest return : KLR_OK
3월 06, 2020 15:06:12.78 
3월 06, 2020 15:06:12.79 KLIB_SelfTest return : KLR_OK
3월 06, 2020 15:14:41.50 
3월 06, 2020 15:14:41.50 KLIB_SelfTest return : KLR_OK
3월 06, 2020 15:15:52.46 
3월 06, 2020 15:15:52.47 KLIB_SelfTest return : KLR_OK

3월 09, 2020 09:49:16.89 NEW SESSION
3월 09, 2020 09:49:16.89 [19580:20232:0309/094916.874:ERROR:account_info_fetcher.cc(60)] OnGetTokenFailure: Invalid credentials (credentials rejected by client).
3월 09, 2020 09:49:49.67 
3월 09, 2020 09:49:49.67 KLIB_SelfTest return : KLR_OK
3월 09, 2020 09:52:59.98 [5500:4412:0309/095259.989:ERROR:gcm_store_impl.cc(631)] LevelDB remove failed: NotFound: 
3월 09, 2020 09:52:59.99 [5500:16140:0309/095259.989:ERROR:mcs_client.cc(528)] GCM Update failed!
3월 09, 2020 10:28:16.15 
3월 09, 2020 10:28:16.16 KLIB_SelfTest return : KLR_OK
3월 09, 2020 10:34:04.81 
3월 09, 2020 10:34:04.82 KLIB_SelfTest return : KLR_OK
3월 09, 2020 11:01:47.86 
3월 09, 2020 11:01:47.86 KLIB_SelfTest return : KLR_OK
3월 09, 2020 11:26:05.46 
3월 09, 2020 11:26:05.46 KLIB_SelfTest return : KLR_OK
3월 09, 2020 11:29:17.77 
3월 09, 2020 11:29:17.78 KLIB_SelfTest return : KLR_OK
3월 09, 2020 12:01:54.97 
3월 09, 2020 12:01:54.97 KLIB_SelfTest return : KLR_OK
3월 09, 2020 13:08:52.20 
3월 09, 2020 13:08:52.21 KLIB_SelfTest return : KLR_OK

3월 10, 2020 12:10:30.68 NEW SESSION
3월 10, 2020 12:10:30.68 
3월 10, 2020 12:10:30.69 KLIB_SelfTest return : KLR_OK
3월 10, 2020 12:23:24.29 
3월 10, 2020 12:23:24.29 KLIB_SelfTest return : KLR_OK
3월 10, 2020 12:44:05.24 
3월 10, 2020 12:44:05.25 KLIB_SelfTest return : KLR_OK
3월 10, 2020 12:53:27.23 
3월 10, 2020 12:53:27.24 KLIB_SelfTest return : KLR_OK
3월 10, 2020 12:59:01.55 
3월 10, 2020 12:59:01.56 KLIB_SelfTest return : KLR_OK
3월 10, 2020 12:59:29.53 
3월 10, 2020 12:59:29.53 KLIB_SelfTest return : KLR_OK
3월 10, 2020 13:17:22.87 
3월 10, 2020 13:17:22.88 KLIB_SelfTest return : KLR_OK

3월 11, 2020 10:06:52.15 NEW SESSION
3월 11, 2020 10:06:52.15 [19620:4444:0311/100651.852:ERROR:account_info_fetcher.cc(60)] OnGetTokenFailure: Invalid credentials (credentials rejected by client).
3월 11, 2020 10:07:35.58 
3월 11, 2020 10:07:35.58 KLIB_SelfTest return : KLR_OK
3월 11, 2020 10:08:09.09 
3월 11, 2020 10:08:09.09 KLIB_SelfTest return : KLR_OK
3월 11, 2020 10:11:22.12 
3월 11, 2020 10:11:22.13 KLIB_SelfTest return : KLR_OK
3월 11, 2020 11:14:20.66 
3월 11, 2020 11:14:20.66 KLIB_SelfTest return : KLR_OK
3월 11, 2020 11:48:19.77 
3월 11, 2020 11:48:19.77 KLIB_SelfTest return : KLR_OK
3월 11, 2020 11:53:26.02 
3월 11, 2020 11:53:26.03 KLIB_SelfTest return : KLR_OK
3월 11, 2020 12:19:38.89 
3월 11, 2020 12:19:38.90 KLIB_SelfTest return : KLR_OK
3월 11, 2020 12:25:54.70 
3월 11, 2020 12:25:54.71 KLIB_SelfTest return : KLR_OK
3월 11, 2020 12:29:27.81 
3월 11, 2020 12:29:27.82 KLIB_SelfTest return : KLR_OK
3월 11, 2020 12:30:41.68 
3월 11, 2020 12:30:41.68 KLIB_SelfTest return : KLR_OK

3월 12, 2020 10:23:19.94 NEW SESSION
3월 12, 2020 10:23:19.94 [8568:21472:0312/102319.920:ERROR:account_info_fetcher.cc(60)] OnGetTokenFailure: Invalid credentials (credentials rejected by client).
3월 12, 2020 10:23:39.41 
3월 12, 2020 10:23:39.42 KLIB_SelfTest return : KLR_OK
3월 12, 2020 11:23:04.04 
3월 12, 2020 11:23:04.05 KLIB_SelfTest return : KLR_OK

3월 16, 2020 09:47:08.20 NEW SESSION
3월 16, 2020 09:47:08.20 [23316:6852:0316/094708.197:ERROR:account_info_fetcher.cc(60)] OnGetTokenFailure: Invalid credentials (credentials rejected by client).
3월 16, 2020 09:48:00.27 
3월 16, 2020 09:48:00.28 KLIB_SelfTest return : KLR_OK
3월 16, 2020 09:57:48.90 
3월 16, 2020 09:57:48.90 KLIB_SelfTest return : KLR_OK
3월 16, 2020 10:08:08.70 
3월 16, 2020 10:08:08.70 KLIB_SelfTest return : KLR_OK
3월 16, 2020 10:18:29.18 
3월 16, 2020 10:18:29.19 KLIB_SelfTest return : KLR_OK
3월 16, 2020 10:51:31.18 
3월 16, 2020 10:51:31.18 KLIB_SelfTest return : KLR_OK
3월 16, 2020 11:49:52.33 
3월 16, 2020 11:49:52.33 KLIB_SelfTest return : KLR_OK
3월 16, 2020 11:51:51.90 
3월 16, 2020 11:51:51.91 KLIB_SelfTest return : KLR_OK
3월 16, 2020 11:53:19.98 
3월 16, 2020 11:53:19.99 KLIB_SelfTest return : KLR_OK
3월 16, 2020 11:54:52.60 
3월 16, 2020 11:54:52.63 KLIB_SelfTest return : KLR_OK
3월 16, 2020 11:55:35.98 
3월 16, 2020 11:55:35.98 KLIB_SelfTest return : KLR_OK
3월 16, 2020 11:59:00.21 
3월 16, 2020 11:59:00.22 KLIB_SelfTest return : KLR_OK
3월 16, 2020 12:53:07.63 
3월 16, 2020 12:53:07.63 KLIB_SelfTest return : KLR_OK
3월 16, 2020 12:58:56.22 
3월 16, 2020 12:58:56.23 KLIB_SelfTest return : KLR_OK
3월 16, 2020 13:01:22.94 
3월 16, 2020 13:01:22.95 KLIB_SelfTest return : KLR_OK

3월 17, 2020 10:25:01.02 NEW SESSION
3월 17, 2020 10:25:01.02 
3월 17, 2020 10:25:01.03 KLIB_SelfTest return : KLR_OK
3월 17, 2020 10:41:16.24 
3월 17, 2020 10:41:16.25 KLIB_SelfTest return : KLR_OK
3월 17, 2020 10:55:17.85 
3월 17, 2020 10:55:17.85 KLIB_SelfTest return : KLR_OK
3월 17, 2020 10:56:44.34 
3월 17, 2020 10:56:44.35 KLIB_SelfTest return : KLR_OK
3월 17, 2020 10:57:37.45 
3월 17, 2020 10:57:37.46 KLIB_SelfTest return : KLR_OK
3월 17, 2020 11:17:26.83 
3월 17, 2020 11:17:26.84 KLIB_SelfTest return : KLR_OK
3월 17, 2020 11:23:12.33 
3월 17, 2020 11:23:12.33 KLIB_SelfTest return : KLR_OK
3월 17, 2020 11:58:14.05 
3월 17, 2020 11:58:14.06 KLIB_SelfTest return : KLR_OK
3월 17, 2020 12:00:22.15 
3월 17, 2020 12:00:22.16 KLIB_SelfTest return : KLR_OK
3월 17, 2020 12:04:37.18 
3월 17, 2020 12:04:37.19 KLIB_SelfTest return : KLR_OK

3월 18, 2020 12:51:58.55 NEW SESSION
3월 18, 2020 12:51:58.55 
3월 18, 2020 12:51:58.58 KLIB_SelfTest return : KLR_OK
3월 18, 2020 12:59:12.24 
3월 18, 2020 12:59:12.24 KLIB_SelfTest return : KLR_OK
3월 18, 2020 13:16:00.77 
3월 18, 2020 13:16:00.78 KLIB_SelfTest return : KLR_OK
3월 18, 2020 14:46:50.70 
3월 18, 2020 14:46:50.71 KLIB_SelfTest return : KLR_OK
3월 18, 2020 14:48:28.11 
3월 18, 2020 14:48:28.11 KLIB_SelfTest return : KLR_OK
3월 18, 2020 14:49:57.28 
3월 18, 2020 14:49:57.29 KLIB_SelfTest return : KLR_OK
3월 18, 2020 14:51:06.78 
3월 18, 2020 14:51:06.79 KLIB_SelfTest return : KLR_OK
3월 18, 2020 14:54:19.42 
3월 18, 2020 14:54:19.43 KLIB_SelfTest return : KLR_OK
3월 18, 2020 15:00:52.02 
3월 18, 2020 15:00:52.02 KLIB_SelfTest return : KLR_OK
3월 18, 2020 15:03:34.01 
3월 18, 2020 15:03:34.02 KLIB_SelfTest return : KLR_OK
3월 18, 2020 15:07:46.48 
3월 18, 2020 15:07:46.48 KLIB_SelfTest return : KLR_OK
3월 18, 2020 15:18:33.27 
3월 18, 2020 15:18:33.28 KLIB_SelfTest return : KLR_OK
3월 18, 2020 15:21:06.28 
3월 18, 2020 15:21:06.29 KLIB_SelfTest return : KLR_OK
3월 18, 2020 15:44:40.49 
3월 18, 2020 15:44:40.50 KLIB_SelfTest return : KLR_OK
3월 18, 2020 16:12:03.57 
3월 18, 2020 16:12:03.58 KLIB_SelfTest return : KLR_OK
3월 18, 2020 16:19:04.43 
3월 18, 2020 16:19:04.44 KLIB_SelfTest return : KLR_OK
3월 18, 2020 16:23:01.65 
3월 18, 2020 16:23:01.66 KLIB_SelfTest return : KLR_OK
3월 18, 2020 16:52:19.83 
3월 18, 2020 16:52:19.83 KLIB_SelfTest return : KLR_OK
3월 18, 2020 17:07:42.41 
3월 18, 2020 17:07:42.41 KLIB_SelfTest return : KLR_OK
3월 18, 2020 17:08:51.42 
3월 18, 2020 17:08:51.42 KLIB_SelfTest return : KLR_OK
3월 18, 2020 17:10:24.43 
3월 18, 2020 17:10:24.44 KLIB_SelfTest return : KLR_OK
3월 18, 2020 17:14:24.29 
3월 18, 2020 17:14:24.29 KLIB_SelfTest return : KLR_OK

3월 19, 2020 10:22:46.55 NEW SESSION
3월 19, 2020 10:22:46.55 
3월 19, 2020 10:22:46.56 KLIB_SelfTest return : KLR_OK
3월 19, 2020 10:24:12.33 
3월 19, 2020 10:24:12.34 KLIB_SelfTest return : KLR_OK
3월 19, 2020 10:56:35.19 
3월 19, 2020 10:56:35.20 KLIB_SelfTest return : KLR_OK
3월 19, 2020 11:04:27.62 
3월 19, 2020 11:04:27.62 KLIB_SelfTest return : KLR_OK
3월 19, 2020 11:30:56.92 
3월 19, 2020 11:30:56.93 KLIB_SelfTest return : KLR_OK
3월 19, 2020 11:31:41.81 
3월 19, 2020 11:31:41.82 KLIB_SelfTest return : KLR_OK
3월 19, 2020 11:47:10.94 
3월 19, 2020 11:47:10.94 KLIB_SelfTest return : KLR_OK
3월 19, 2020 11:51:16.63 
3월 19, 2020 11:51:16.64 KLIB_SelfTest return : KLR_OK
3월 19, 2020 11:52:50.40 
3월 19, 2020 11:52:50.41 KLIB_SelfTest return : KLR_OK
3월 19, 2020 11:55:30.52 
3월 19, 2020 11:55:30.52 KLIB_SelfTest return : KLR_OK

3월 20, 2020 09:56:12.80 NEW SESSION
3월 20, 2020 09:56:12.80 
3월 20, 2020 09:56:12.82 KLIB_SelfTest return : KLR_OK
3월 20, 2020 09:59:47.95 
3월 20, 2020 09:59:47.95 KLIB_SelfTest return : KLR_OK
3월 20, 2020 10:17:09.85 
3월 20, 2020 10:17:09.86 KLIB_SelfTest return : KLR_OK
3월 20, 2020 11:02:48.17 
3월 20, 2020 11:02:48.17 KLIB_SelfTest return : KLR_OK
3월 20, 2020 11:03:48.80 
3월 20, 2020 11:03:48.80 KLIB_SelfTest return : KLR_OK
3월 20, 2020 11:15:18.05 
3월 20, 2020 11:15:18.05 KLIB_SelfTest return : KLR_OK
3월 20, 2020 11:22:53.60 
3월 20, 2020 11:22:53.61 KLIB_SelfTest return : KLR_OK
3월 20, 2020 12:05:36.06 
3월 20, 2020 12:05:36.07 KLIB_SelfTest return : KLR_OK
3월 20, 2020 12:08:52.00 
3월 20, 2020 12:08:52.00 KLIB_SelfTest return : KLR_OK

3월 23, 2020 11:12:02.79 NEW SESSION
3월 23, 2020 11:12:02.79 
3월 23, 2020 11:12:02.81 KLIB_SelfTest return : KLR_OK
3월 23, 2020 12:11:33.90 
3월 23, 2020 12:11:33.90 KLIB_SelfTest return : KLR_OK
3월 23, 2020 12:17:33.30 
3월 23, 2020 12:17:33.31 KLIB_SelfTest return : KLR_OK
3월 23, 2020 12:33:40.77 
3월 23, 2020 12:33:40.77 KLIB_SelfTest return : KLR_OK
3월 23, 2020 12:59:41.93 
3월 23, 2020 12:59:41.94 KLIB_SelfTest return : KLR_OK
3월 23, 2020 14:28:22.20 
3월 23, 2020 14:28:22.20 KLIB_SelfTest return : KLR_OK
3월 23, 2020 14:28:42.29 
3월 23, 2020 14:28:42.30 KLIB_SelfTest return : KLR_OK
3월 23, 2020 14:37:01.35 
3월 23, 2020 14:37:01.36 KLIB_SelfTest return : KLR_OK

3월 24, 2020 10:21:56.93 NEW SESSION
3월 24, 2020 10:21:56.93 
3월 24, 2020 10:21:56.93 KLIB_SelfTest return : KLR_OK
3월 24, 2020 10:22:13.73 
3월 24, 2020 10:22:13.74 KLIB_SelfTest return : KLR_OK
3월 24, 2020 10:22:53.87 
3월 24, 2020 10:22:53.88 KLIB_SelfTest return : KLR_OK
3월 24, 2020 10:31:07.92 
3월 24, 2020 10:31:07.93 KLIB_SelfTest return : KLR_OK
3월 24, 2020 11:46:15.52 
3월 24, 2020 11:46:15.52 KLIB_SelfTest return : KLR_OK
3월 24, 2020 12:14:18.75 
3월 24, 2020 12:14:18.76 KLIB_SelfTest return : KLR_OK

3월 30, 2020 15:36:15.59 NEW SESSION
3월 30, 2020 15:36:15.59 
3월 30, 2020 15:36:15.60 KLIB_SelfTest return : KLR_OK
3월 30, 2020 15:39:03.03 
3월 30, 2020 15:39:03.04 KLIB_SelfTest return : KLR_OK
3월 30, 2020 15:43:47.72 
3월 30, 2020 15:43:47.73 KLIB_SelfTest return : KLR_OK
3월 30, 2020 16:02:40.80 
3월 30, 2020 16:02:40.80 KLIB_SelfTest return : KLR_OK
3월 30, 2020 16:14:53.36 
3월 30, 2020 16:14:53.36 KLIB_SelfTest return : KLR_OK
3월 30, 2020 16:16:47.03 
3월 30, 2020 16:16:47.04 KLIB_SelfTest return : KLR_OK
3월 30, 2020 16:36:11.09 
3월 30, 2020 16:36:11.10 KLIB_SelfTest return : KLR_OK
3월 30, 2020 16:37:46.64 
3월 30, 2020 16:37:46.65 KLIB_SelfTest return : KLR_OK
3월 30, 2020 16:54:06.04 [27200:24224:0330/165406.046:ERROR:page_load_metrics_update_dispatcher.cc(165)] Invalid first_paint 0.329 s for first_image_paint 0.328 s
3월 30, 2020 16:54:07.29 [27200:24224:0330/165407.296:ERROR:page_load_metrics_update_dispatcher.cc(165)] Invalid first_paint 0.329 s for first_image_paint 0.328 s
3월 30, 2020 16:54:09.32 [27200:24224:0330/165409.326:ERROR:page_load_metrics_update_dispatcher.cc(165)] Invalid first_paint 0.329 s for first_image_paint 0.328 s
3월 30, 2020 16:54:10.49 [27200:24224:0330/165410.493:ERROR:page_load_metrics_update_dispatcher.cc(165)] Invalid first_paint 0.329 s for first_image_paint 0.328 s
3월 30, 2020 16:54:12.57 [27200:24224:0330/165412.573:ERROR:page_load_metrics_update_dispatcher.cc(165)] Invalid first_paint 0.329 s for first_image_paint 0.328 s
3월 30, 2020 16:54:15.29 [27200:24224:0330/165415.292:ERROR:page_load_metrics_update_dispatcher.cc(165)] Invalid first_paint 0.329 s for first_image_paint 0.328 s
3월 30, 2020 16:57:52.33 
3월 30, 2020 16:57:52.33 KLIB_SelfTest return : KLR_OK
3월 30, 2020 18:01:05.10 
3월 30, 2020 18:01:05.10 KLIB_SelfTest return : KLR_OK
3월 30, 2020 19:05:27.94 
3월 30, 2020 19:05:27.95 KLIB_SelfTest return : KLR_OK
3월 30, 2020 19:32:11.63 
3월 30, 2020 19:32:11.63 KLIB_SelfTest return : KLR_OK

3월 31, 2020 16:22:54.34 NEW SESSION
3월 31, 2020 16:22:54.34 
3월 31, 2020 16:22:54.35 KLIB_SelfTest return : KLR_OK
3월 31, 2020 17:22:55.06 
3월 31, 2020 17:22:55.07 KLIB_SelfTest return : KLR_OK
3월 31, 2020 17:23:58.64 
3월 31, 2020 17:23:58.65 KLIB_SelfTest return : KLR_OK
3월 31, 2020 17:30:31.38 
3월 31, 2020 17:30:31.38 KLIB_SelfTest return : KLR_OK
3월 31, 2020 17:49:20.28 
3월 31, 2020 17:49:20.29 KLIB_SelfTest return : KLR_OK
3월 31, 2020 17:54:00.94 
3월 31, 2020 17:54:00.95 KLIB_SelfTest return : KLR_OK
3월 31, 2020 17:54:52.75 
3월 31, 2020 17:54:52.76 KLIB_SelfTest return : KLR_OK
3월 31, 2020 17:56:53.01 
3월 31, 2020 17:56:53.01 KLIB_SelfTest return : KLR_OK

4월 01, 2020 15:17:56.87 NEW SESSION
4월 01, 2020 15:17:56.87 
4월 01, 2020 15:17:56.89 KLIB_SelfTest return : KLR_OK
4월 01, 2020 15:20:20.27 
4월 01, 2020 15:20:20.27 KLIB_SelfTest return : KLR_OK

4월 02, 2020 18:20:53.50 NEW SESSION
4월 02, 2020 18:20:53.50 
4월 02, 2020 18:20:53.52 KLIB_SelfTest return : KLR_OK
4월 02, 2020 18:54:04.57 
4월 02, 2020 18:54:04.58 KLIB_SelfTest return : KLR_OK
4월 02, 2020 18:55:23.39 
4월 02, 2020 18:55:23.40 KLIB_SelfTest return : KLR_OK

4월 03, 2020 15:48:43.40 NEW SESSION
4월 03, 2020 15:48:43.40 
4월 03, 2020 15:48:43.40 KLIB_SelfTest return : KLR_OK

4월 06, 2020 11:02:54.48 NEW SESSION
4월 06, 2020 11:02:54.48 
4월 06, 2020 11:02:54.49 KLIB_SelfTest return : KLR_OK
4월 06, 2020 13:00:28.26 
4월 06, 2020 13:00:28.26 KLIB_SelfTest return : KLR_OK
